[debug] [2022-07-07T14:57:27.873Z] ----------------------------------------------------------------------
[debug] [2022-07-07T14:57:27.874Z] Command:       /opt/homebrew/Cellar/node@14/14.19.3/bin/node /opt/homebrew/bin/firebase deploy --only hosting
[debug] [2022-07-07T14:57:27.875Z] CLI Version:   11.2.0
[debug] [2022-07-07T14:57:27.875Z] Platform:      darwin
[debug] [2022-07-07T14:57:27.875Z] Node Version:  v14.19.3
[debug] [2022-07-07T14:57:27.876Z] Time:          Thu Jul 07 2022 22:57:27 GMT+0800 (Hong Kong Standard Time)
[debug] [2022-07-07T14:57:27.876Z] ----------------------------------------------------------------------
[debug] 
[debug] [2022-07-07T14:57:27.909Z] > command requires scopes: ["email","openid","https://www.googleapis.com/auth/cloudplatformprojects.readonly","https://www.googleapis.com/auth/firebase","https://www.googleapis.com/auth/cloud-platform"]
[debug] [2022-07-07T14:57:27.909Z] > authorizing via signed-in user (shchoi@cciyc.com)
[debug] [2022-07-07T14:57:27.909Z] [iam] checking project manage-hr for permissions ["firebase.projects.get","firebasehosting.sites.update"]
[debug] [2022-07-07T14:57:27.910Z] >>> [apiv2][query] POST https://cloudresourcemanager.googleapis.com/v1/projects/manage-hr:testIamPermissions [none]
[debug] [2022-07-07T14:57:27.910Z] >>> [apiv2][body] POST https://cloudresourcemanager.googleapis.com/v1/projects/manage-hr:testIamPermissions {"permissions":["firebase.projects.get","firebasehosting.sites.update"]}
[debug] [2022-07-07T14:57:28.827Z] <<< [apiv2][status] POST https://cloudresourcemanager.googleapis.com/v1/projects/manage-hr:testIamPermissions 200
[debug] [2022-07-07T14:57:28.828Z] <<< [apiv2][body] POST https://cloudresourcemanager.googleapis.com/v1/projects/manage-hr:testIamPermissions {"permissions":["firebase.projects.get","firebasehosting.sites.update"]}
[debug] [2022-07-07T14:57:28.829Z] >>> [apiv2][query] GET https://firebase.googleapis.com/v1beta1/projects/manage-hr [none]
[debug] [2022-07-07T14:57:29.125Z] <<< [apiv2][status] GET https://firebase.googleapis.com/v1beta1/projects/manage-hr 200
[debug] [2022-07-07T14:57:29.125Z] <<< [apiv2][body] GET https://firebase.googleapis.com/v1beta1/projects/manage-hr {"projectId":"manage-hr","projectNumber":"40845111899","displayName":"manage","name":"projects/manage-hr","resources":{"hostingSite":"manage-hr","storageBucket":"manage-hr.appspot.com","locationId":"asia-east2"},"state":"ACTIVE"}
[info] 
[info] === Deploying to 'manage-hr'...
[info] 
[info] i  deploying hosting 
[debug] [2022-07-07T14:57:29.127Z] >>> [apiv2][query] GET https://firebase.googleapis.com/v1beta1/projects/manage-hr [none]
[debug] [2022-07-07T14:57:29.392Z] <<< [apiv2][status] GET https://firebase.googleapis.com/v1beta1/projects/manage-hr 200
[debug] [2022-07-07T14:57:29.392Z] <<< [apiv2][body] GET https://firebase.googleapis.com/v1beta1/projects/manage-hr {"projectId":"manage-hr","projectNumber":"40845111899","displayName":"manage","name":"projects/manage-hr","resources":{"hostingSite":"manage-hr","storageBucket":"manage-hr.appspot.com","locationId":"asia-east2"},"state":"ACTIVE"}
[debug] [2022-07-07T14:57:29.394Z] >>> [apiv2][query] POST https://firebasehosting.googleapis.com/v1beta1/projects/40845111899/sites/manage-hr/versions [none]
[debug] [2022-07-07T14:57:29.394Z] >>> [apiv2][body] POST https://firebasehosting.googleapis.com/v1beta1/projects/40845111899/sites/manage-hr/versions {"config":{"headers":[{"glob":"/service-worker.js","headers":{"Cache-Control":"no-cache, no-store, must-revalidate"}},{"glob":"**/*.@(jpg|jpeg|gif|png|svg|webp|js|css|eot|otf|ttf|ttc|woff|woff2|font.css)","headers":{"Cache-Control":"max-age=0"}}]},"labels":{"deployment-tool":"cli-firebase"}}
[debug] [2022-07-07T14:57:30.874Z] <<< [apiv2][status] POST https://firebasehosting.googleapis.com/v1beta1/projects/40845111899/sites/manage-hr/versions 200
[debug] [2022-07-07T14:57:30.874Z] <<< [apiv2][body] POST https://firebasehosting.googleapis.com/v1beta1/projects/40845111899/sites/manage-hr/versions {"name":"projects/40845111899/sites/manage-hr/versions/b8c4cc399c2902cb","status":"CREATED","config":{"headers":[{"headers":{"Cache-Control":"no-cache, no-store, must-revalidate"},"glob":"/service-worker.js"},{"headers":{"Cache-Control":"max-age=0"},"glob":"**/*.@(jpg|jpeg|gif|png|svg|webp|js|css|eot|otf|ttf|ttc|woff|woff2|font.css)"}]},"labels":{"deployment-tool":"cli-firebase"}}
[info] i  hosting[manage-hr]: beginning deploy... 
[info] i  hosting[manage-hr]: found 50 files in dist/spa 
[debug] [2022-07-07T14:57:30.891Z] [hosting] uploading with 200 concurrency
[debug] [2022-07-07T14:57:30.973Z] [hosting] hash cache [ZGlzdC9zcGE] stored for 50 files
[debug] [2022-07-07T14:57:30.973Z] [hosting][hash queue][FINAL] {"max":73,"min":9,"avg":14.4,"active":0,"complete":50,"success":50,"errored":0,"retried":0,"total":50,"elapsed":80}
[debug] [2022-07-07T14:57:30.973Z] >>> [apiv2][query] POST https://firebasehosting.googleapis.com/v1beta1/projects/40845111899/sites/manage-hr/versions/b8c4cc399c2902cb:populateFiles [none]
[debug] [2022-07-07T14:57:30.973Z] >>> [apiv2][body] POST https://firebasehosting.googleapis.com/v1beta1/projects/40845111899/sites/manage-hr/versions/b8c4cc399c2902cb:populateFiles {"files":{"/css/app.31d6cfe0.css":"f1b651238a58fe290baec6c5e32f3bdb1943dd2bd582f02569231f7a757c7837","/index.html":"85df36cd0bcf747b29c3abf759e57ebfb4f8fb8803b031ddd0bf71c3701c7ef0","/css/278.905206d7.css":"e9946d770ec461d6f02ba581afe0ce638c3caaea916d6d772d6ee464c829829b","/favicon.ico":"41491311a0c911769098d703e2e6d780631804c5af68c0f17b51c59f2289f180","/css/433.3a24aedd.css":"8a5aa65bcac3be8e0f3fff25542fe5b4e9c1602665db1e907c32ac26e3326e4f","/css/475.4d81184d.css":"3cfe093bbd55d05ab0da0a71eb53ce3226e661fae66a6847293d02027cd73cd1","/css/523.c2610cea.css":"7c7ede7377a776f8f8ecc034aa25c16d0b0ee123d24a19e6d1c75595ad210782","/css/666.564e24d8.css":"5a1f51d88af1c6c3e5fb68e89c65e646da9cfb9a5580d0a16b94542ca96a4b4d","/css/720.4846fca9.css":"36978c0e1d9c96fe23bf7cc0c68df2bd9993502bf139b3ef07afb6c3dd2a5bd1","/css/896.9bc59c0a.css":"3945e0556b4e85091cca73d7119a0a822a47997987226b89630f2e9597ddcd90","/css/678.9bc59c0a.css":"3945e0556b4e85091cca73d7119a0a822a47997987226b89630f2e9597ddcd90","/css/92.9bc59c0a.css":"3945e0556b4e85091cca73d7119a0a822a47997987226b89630f2e9597ddcd90","/icons/favicon-16x16.png":"87e22d4600f00c5832a8bc4a13bfb5eab919203f14277d1a2d2d4fdf834fe4fa","/icons/favicon-32x32.png":"165d383e915560c7324cac06a5649e4bf677e69a231f58628601e14d485b0cda","/js/315.a6a6d461.js":"e0a300d184dd4bccaca1d12237a6c08af7a814e7c72fa10a88c97a2e5d6a5496","/img/cciyc_logo.9d01d3b7.svg":"f6d68520471b53f7b1d5199c5892b57abeb592e1d35bf5902c1c59e5b6ea59eb","/js/278.3fe18a1b.js":"bd1d12d1381f4287b86d8fca5483df581168a973d8db17679bfd3863868961ee","/js/362.e26405fa.js":"5ed4c021b299d452294226e0133f430f0e494497721f413f560b1600f5f4e423","/js/161.66e74223.js":"332599d96c65118d1141f8636a811792d76c3a889aa0ff197de36b98eba47f52","/js/451.ec42f6fa.js":"0796851ae6be3ce356afb6e1c1fd9cc2d68612f9dc4262f4a62c6cad89a957ea","/js/446.4ed58a29.js":"cded71c474c95a154a1e7cf00fc3aa246d63b126f809ee23147573c1bdd243a4","/js/484.71fce220.js":"3366362c95301784c557ce2dcbcc4c161421072b37c50c8e48fd08672130a2b6","/js/475.f3564c15.js":"252617de92848c48257c4c6c24ffb9895e3308f7a770949aa0e4e99e439c1515","/js/584.1c092128.js":"2d809cb1351d8be9e4f95912813250a3e18a6e857d17fec1f15c0bb55e70c1bd","/js/320.f5f547af.js":"d8e3da236b38d88d456c1c390505775af7f53e86eb50fd72919c7ad973a22ba2","/js/433.091f22bc.js":"d87d128bbdeb5057fa8a33abf3121c787038bbb65479bd6b8e2ca05262212cd8","/js/532.adbfe2c0.js":"739afefe88c013744a23b491cea4f709914a82d10ed13ac9b919dacf00c802fc","/js/677.30c197f2.js":"f9630dc859405146e4fa26cf972b9c804e732b8a27f844a4b489b494175cf223","/js/678.d5ac2259.js":"22eda03154888147c6b1956831c243bb5a71222156a8c3d4881c592e4f931ee9","/js/800.751f1fef.js":"b483d31bfb105738a09443a8133cbb9d5baa36bcc2bdfbbcba876877d97e394c","/js/720.74b80d9e.js":"af6726e1608f86a9e12ac5247bf999fcfb9c7d031462398ff190a82b15bdff23","/js/666.11bb27a2.js":"6e734ab78265d5bb6aacb423066499d0e2627301ca080160cc24b23f21466058","/js/824.711a9576.js":"f2ea16175c6a9718418ceb18e144f9881fca04a96f03ed5cd9392daf7b91e34b","/js/523.697fb197.js":"cf8eb228d818fea244335073260449703145ce4ace516a3c335e9ab957fb3141","/js/896.5c9ae28d.js":"ce19eafa01e45ff8b94dab3af93ddbc4b7b35abb188d456134bf06890410bb61","/js/app.ee6b1714.js":"33f2c448f2bc6f2370e3fbaf45904ece3cf417cf822255ebcabe1562417c6dc6","/js/92.84fbfdc3.js":"fac54d6e9a2c01c35044da137738f416a9aea4665d7147e0d053343c981da7a2","/js/chunk-common.5a50848b.js":"37854bae96076d1ed19c75acaa4fc30fb5493810dc26e58d8f347951f10b230a","/fonts/KFOlCnqEu92Fr1MmSU5fBBc-.877b9231.woff":"dd27344973a5f6dd88d80ad87cbca7a2aaa959440e4e0d05454a4c97d68d6362","/fonts/KFOkCnqEu92Fr1MmgVxIIzQ.9391e6e2.woff":"a79c9073707d1ce8747949079ef6c77c1939d05c473ce836cf5eedb1f872a3ca","/fonts/KFOlCnqEu92Fr1MmEU9fBBc-.ddd11dab.woff":"880acfc90bb75410ecf6abf654848053b8cd91df801853055762d5136f0b8449","/fonts/KFOlCnqEu92Fr1MmWUlfBBc-.0344cc3c.woff":"4c214acb1c7888a511dcf3f9af99b4bdc697ebfc21b26e7723325600200c5042","/fonts/KFOmCnqEu92Fr1Mu4mxM.9b78ea3b.woff":"9b2024efb1769b404704e93743e423d2377b8e3dec9df7a3cf92201f0738af38","/fonts/KFOlCnqEu92Fr1MmYUtfBBc-.b555d228.woff":"eb7e1e73c1940a59edc345834e68c05657cea2db97df9f1e529b230b92dfaad1","/icons/favicon-96x96.png":"027c810fc1779096265e87d7d0121f14a3ef879dab924def86a6a43d1b01ac36","/icons/favicon-128x128.png":"a4c39608629b53c09206388c6841c68a0247a4b612dea33bf4dbcff175632095","/fonts/flUhRq6tzZclQEJ-Vdg-IuiaDsNcIhQ8tQ.8c59cf21.woff2":"194e25cae35f9acec7fd2fdaa0f1cb2f4e9971917c9db9128d9658b8687bc4bf","/css/vendor.81e88f7f.css":"5462804719e4133436c815d6052950e67f6b99634fb72ebb94503a1b43ac0728","/fonts/flUhRq6tzZclQEJ-Vdg-IuiaDsNa.f7d18af2.woff":"65933cf42fa32f57e81edcc13e38bd477b747ff6feaa34e8d03f574630986571","/js/vendor.26e13feb.js":"3e1010271bb6796783e85d63ce7a73e1326098b45ea7851ab7ab31efa216cdfd"}}
[debug] [2022-07-07T14:57:32.381Z] <<< [apiv2][status] POST https://firebasehosting.googleapis.com/v1beta1/projects/40845111899/sites/manage-hr/versions/b8c4cc399c2902cb:populateFiles 200
[debug] [2022-07-07T14:57:32.382Z] <<< [apiv2][body] POST https://firebasehosting.googleapis.com/v1beta1/projects/40845111899/sites/manage-hr/versions/b8c4cc399c2902cb:populateFiles {"uploadRequiredHashes":["85df36cd0bcf747b29c3abf759e57ebfb4f8fb8803b031ddd0bf71c3701c7ef0","0796851ae6be3ce356afb6e1c1fd9cc2d68612f9dc4262f4a62c6cad89a957ea","33f2c448f2bc6f2370e3fbaf45904ece3cf417cf822255ebcabe1562417c6dc6"],"uploadUrl":"https://upload-firebasehosting.googleapis.com/upload/sites/manage-hr/versions/b8c4cc399c2902cb/files"}
[debug] [2022-07-07T14:57:32.384Z] >>> [apiv2][query] POST https://upload-firebasehosting.googleapis.com/upload/sites/manage-hr/versions/b8c4cc399c2902cb/files/85df36cd0bcf747b29c3abf759e57ebfb4f8fb8803b031ddd0bf71c3701c7ef0 [none]
[debug] [2022-07-07T14:57:32.384Z] >>> [apiv2][body] POST https://upload-firebasehosting.googleapis.com/upload/sites/manage-hr/versions/b8c4cc399c2902cb/files/85df36cd0bcf747b29c3abf759e57ebfb4f8fb8803b031ddd0bf71c3701c7ef0 [stream]
[debug] [2022-07-07T14:57:32.386Z] >>> [apiv2][query] POST https://upload-firebasehosting.googleapis.com/upload/sites/manage-hr/versions/b8c4cc399c2902cb/files/0796851ae6be3ce356afb6e1c1fd9cc2d68612f9dc4262f4a62c6cad89a957ea [none]
[debug] [2022-07-07T14:57:32.386Z] >>> [apiv2][body] POST https://upload-firebasehosting.googleapis.com/upload/sites/manage-hr/versions/b8c4cc399c2902cb/files/0796851ae6be3ce356afb6e1c1fd9cc2d68612f9dc4262f4a62c6cad89a957ea [stream]
[debug] [2022-07-07T14:57:32.387Z] >>> [apiv2][query] POST https://upload-firebasehosting.googleapis.com/upload/sites/manage-hr/versions/b8c4cc399c2902cb/files/33f2c448f2bc6f2370e3fbaf45904ece3cf417cf822255ebcabe1562417c6dc6 [none]
[debug] [2022-07-07T14:57:32.387Z] >>> [apiv2][body] POST https://upload-firebasehosting.googleapis.com/upload/sites/manage-hr/versions/b8c4cc399c2902cb/files/33f2c448f2bc6f2370e3fbaf45904ece3cf417cf822255ebcabe1562417c6dc6 [stream]
[debug] [2022-07-07T14:57:32.388Z] [hosting][populate queue][FINAL] {"max":1411,"min":1411,"avg":1411,"active":0,"complete":1,"success":1,"errored":0,"retried":0,"total":1,"elapsed":1416}
[debug] [2022-07-07T14:57:32.388Z] [hosting] uploads queued: 3
